2019-05-28 11:21:36,097 INFO Starting Nacos v1.0.0 on DESKTOP-ML986AK with PID 9900 (D:\nacos\nacos-server-1.0.0\nacos\target\nacos-server.jar started by td in D:\nacos\nacos-server-1.0.0\nacos\bin)

2019-05-28 11:21:36,102 INFO The following profiles are active: standalone

2019-05-28 11:21:39,807 INFO Bean 'org.springframework.security.config.annotation.configuration.ObjectPostProcessorConfiguration' of type [org.springframework.security.config.annotation.configuration.ObjectPostProcessorConfiguration$$EnhancerBySpringCGLIB$$e5b6e337] is not eligible for getting processed by all BeanPostProcessors (for example: not eligible for auto-proxying)

2019-05-28 11:21:40,092 INFO Bean 'objectPostProcessor' of type [org.springframework.security.config.annotation.configuration.AutowireBeanFactoryObjectPostProcessor] is not eligible for getting processed by all BeanPostProcessors (for example: not eligible for auto-proxying)

2019-05-28 11:21:40,103 INFO Bean 'org.springframework.security.access.expression.method.DefaultMethodSecurityExpressionHandler@f0c8a99' of type [org.springframework.security.access.expression.method.DefaultMethodSecurityExpressionHandler] is not eligible for getting processed by all BeanPostProcessors (for example: not eligible for auto-proxying)

2019-05-28 11:21:40,114 INFO Bean 'org.springframework.security.config.annotation.method.configuration.GlobalMethodSecurityConfiguration' of type [org.springframework.security.config.annotation.method.configuration.GlobalMethodSecurityConfiguration$$EnhancerBySpringCGLIB$$a8b85e9] is not eligible for getting processed by all BeanPostProcessors (for example: not eligible for auto-proxying)

2019-05-28 11:21:40,129 INFO Bean 'methodSecurityMetadataSource' of type [org.springframework.security.access.method.DelegatingMethodSecurityMetadataSource] is not eligible for getting processed by all BeanPostProcessors (for example: not eligible for auto-proxying)

2019-05-28 11:21:42,563 INFO Tomcat initialized with port(s): 8848 (http)

2019-05-28 11:21:42,652 INFO Starting service [Tomcat]

2019-05-28 11:21:42,653 INFO Starting Servlet Engine: Apache Tomcat/9.0.13

2019-05-28 11:21:42,687 INFO The APR based Apache Tomcat Native library which allows optimal performance in production environments was not found on the java.library.path: [C:\Program Files\Java\jdk1.8.0_202\bin;C:\Windows\Sun\Java\bin;C:\Windows\system32;C:\Windows;C:\Windows\system32;C:\Windows;C:\Windows\System32\Wbem;C:\Windows\System32\WindowsPowerShell\v1.0\;C:\Program Files\Intel\WiFi\bin\;C:\Program Files\Common Files\Intel\WirelessCommon\;C:\Windows\System32\OpenSSH\;C:\Program Files (x86)\Intel\Intel(R) Management Engine Components\DAL;C:\Program Files\Intel\Intel(R) Management Engine Components\DAL;C:\Program Files\Java\jdk1.8.0_202\bin;C:\Program Files\Java\jdk1.8.0_202\jre\bin;C:\Program Files\TortoiseSVN\bin;D:\development\apache-maven-3.6.1-bin\apache-maven-3.6.1\bin;C:\Program Files\Git\cmd;nacos.td:38848;c9381f1c-d88e-4a68-8988-f2ffb38d684b;C:\Users\td\AppData\Local\Microsoft\WindowsApps;;C:\Program Files\JetBrains\IntelliJ IDEA 2019.1.1\bin;;C:\Users\td\AppData\Local\Programs\Microsoft VS Code\bin;.]

2019-05-28 11:21:42,923 INFO Initializing Spring embedded WebApplicationContext

2019-05-28 11:21:42,923 INFO Root WebApplicationContext: initialization completed in 6730 ms

2019-05-28 11:21:50,450 INFO Use Mysql as the driver

2019-05-28 11:21:51,278 INFO Initializing ExecutorService 'applicationTaskExecutor'

2019-05-28 11:21:52,153 INFO Adding welcome page: class path resource [static/index.html]

2019-05-28 11:21:52,963 INFO Creating filter chain: Ant [pattern='/'], []

2019-05-28 11:21:52,965 INFO Creating filter chain: Ant [pattern='/**/*.css'], []

2019-05-28 11:21:52,966 INFO Creating filter chain: Ant [pattern='/**/*.js'], []

2019-05-28 11:21:52,971 INFO Creating filter chain: Ant [pattern='/**/*.html'], []

2019-05-28 11:21:52,972 INFO Creating filter chain: Ant [pattern='/**/*.map'], []

2019-05-28 11:21:52,973 INFO Creating filter chain: Ant [pattern='/**/*.svg'], []

2019-05-28 11:21:52,974 INFO Creating filter chain: Ant [pattern='/**/*.png'], []

2019-05-28 11:21:52,976 INFO Creating filter chain: Ant [pattern='/**/*.ico'], []

2019-05-28 11:21:52,983 INFO Creating filter chain: Ant [pattern='/console-fe/public/**'], []

2019-05-28 11:21:52,986 INFO Creating filter chain: Ant [pattern='/v1/auth/login'], []

2019-05-28 11:21:52,987 INFO Creating filter chain: Ant [pattern='/v1/console/health/**'], []

2019-05-28 11:21:52,990 INFO Creating filter chain: Ant [pattern='/v1/cs/**'], []

2019-05-28 11:21:52,991 INFO Creating filter chain: Ant [pattern='/v1/ns/**'], []

2019-05-28 11:21:52,996 INFO Creating filter chain: Ant [pattern='/v1/cmdb/**'], []

2019-05-28 11:21:52,997 INFO Creating filter chain: Ant [pattern='/actuator/**'], []

2019-05-28 11:21:52,998 INFO Creating filter chain: Ant [pattern='/v1/console/server/**'], []

2019-05-28 11:21:53,077 INFO Creating filter chain: any request, [org.springframework.security.web.context.request.async.WebAsyncManagerIntegrationFilter@43aaf813, org.springframework.security.web.context.SecurityContextPersistenceFilter@53dacd14, org.springframework.security.web.header.HeaderWriterFilter@73dce0e6, org.springframework.security.web.authentication.logout.LogoutFilter@6475472c, com.alibaba.nacos.console.filter.JwtAuthenticationTokenFilter@57ac5227, org.springframework.security.web.savedrequest.RequestCacheAwareFilter@2eced48b, org.springframework.security.web.servletapi.SecurityContextHolderAwareRequestFilter@5c8504fd, org.springframework.security.web.authentication.AnonymousAuthenticationFilter@4ba302e0, org.springframework.security.web.session.SessionManagementFilter@32811494, org.springframework.security.web.access.ExceptionTranslationFilter@7ce97ee5, org.springframework.security.web.access.intercept.FilterSecurityInterceptor@5c18016b]

2019-05-28 11:21:53,166 INFO Exposing 2 endpoint(s) beneath base path '/actuator'

2019-05-28 11:21:53,227 INFO Initializing ExecutorService 'taskScheduler'

2019-05-28 11:21:53,415 INFO Tomcat started on port(s): 8848 (http) with context path '/nacos'

2019-05-28 11:21:53,426 INFO Started Nacos in 20.997 seconds (JVM running for 22.599)

2019-05-28 11:21:53,426 INFO Nacos Log files: D:\nacos\nacos-server-1.0.0\nacos/logs/

2019-05-28 11:21:53,427 INFO Nacos Conf files: D:\nacos\nacos-server-1.0.0\nacos/conf/

2019-05-28 11:21:53,432 INFO Nacos Data files: D:\nacos\nacos-server-1.0.0\nacos/data/

2019-05-28 11:21:53,434 INFO Nacos started successfully in stand alone mode.

2019-05-28 11:21:55,735 INFO Initializing Spring DispatcherServlet 'dispatcherServlet'

2019-05-28 11:21:55,742 INFO Initializing Servlet 'dispatcherServlet'

2019-05-28 11:21:55,816 INFO Completed initialization in 70 ms

2019-05-28 11:22:29,185 ERROR Responding with unauthorized error. Message - Full authentication is required to access this resource

2019-05-28 11:31:48,034 INFO [capacityManagement] start correct usage

2019-05-28 11:31:48,221 INFO [capacityManagement] end correct usage, cost: 0s

2019-05-28 11:31:48,422 WARN clearConfigHistory start

2019-05-28 11:41:48,226 INFO [capacityManagement] start correct usage

2019-05-28 11:41:48,227 INFO [capacityManagement] end correct usage, cost: 0s

2019-05-28 11:41:48,430 WARN clearConfigHistory start

2019-05-28 11:51:48,231 INFO [capacityManagement] start correct usage

2019-05-28 11:51:48,232 INFO [capacityManagement] end correct usage, cost: 0s

2019-05-28 11:51:48,435 WARN clearConfigHistory start

2019-05-28 12:01:48,233 INFO [capacityManagement] start correct usage

2019-05-28 12:01:48,234 INFO [capacityManagement] end correct usage, cost: 0s

2019-05-28 12:01:48,438 WARN clearConfigHistory start

2019-05-28 12:11:48,235 INFO [capacityManagement] start correct usage

2019-05-28 12:11:48,237 INFO [capacityManagement] end correct usage, cost: 0s

2019-05-28 12:11:48,439 WARN clearConfigHistory start

2019-05-28 12:21:48,239 INFO [capacityManagement] start correct usage

2019-05-28 12:21:48,240 INFO [capacityManagement] end correct usage, cost: 0s

2019-05-28 12:21:48,440 WARN clearConfigHistory start

2019-05-28 12:31:48,241 INFO [capacityManagement] start correct usage

2019-05-28 12:31:48,243 INFO [capacityManagement] end correct usage, cost: 0s

2019-05-28 12:31:48,441 WARN clearConfigHistory start

2019-05-28 12:41:48,245 INFO [capacityManagement] start correct usage

2019-05-28 12:41:48,245 INFO [capacityManagement] end correct usage, cost: 0s

2019-05-28 12:41:48,442 WARN clearConfigHistory start

2019-05-28 12:51:48,246 INFO [capacityManagement] start correct usage

2019-05-28 12:51:48,247 INFO [capacityManagement] end correct usage, cost: 0s

2019-05-28 12:51:48,445 WARN clearConfigHistory start

2019-05-28 13:01:48,249 INFO [capacityManagement] start correct usage

2019-05-28 13:01:48,249 INFO [capacityManagement] end correct usage, cost: 0s

2019-05-28 13:01:48,446 WARN clearConfigHistory start

2019-05-28 13:11:48,250 INFO [capacityManagement] start correct usage

2019-05-28 13:11:48,251 INFO [capacityManagement] end correct usage, cost: 0s

2019-05-28 13:11:48,447 WARN clearConfigHistory start

2019-05-28 13:21:48,253 INFO [capacityManagement] start correct usage

2019-05-28 13:21:48,255 INFO [capacityManagement] end correct usage, cost: 0s

2019-05-28 13:21:48,448 WARN clearConfigHistory start

2019-05-28 13:31:48,256 INFO [capacityManagement] start correct usage

2019-05-28 13:31:48,257 INFO [capacityManagement] end correct usage, cost: 0s

2019-05-28 13:31:48,451 WARN clearConfigHistory start

2019-05-28 13:41:48,259 INFO [capacityManagement] start correct usage

2019-05-28 13:41:48,262 INFO [capacityManagement] end correct usage, cost: 0s

2019-05-28 13:41:48,452 WARN clearConfigHistory start

2019-05-28 13:51:48,263 INFO [capacityManagement] start correct usage

2019-05-28 13:51:48,264 INFO [capacityManagement] end correct usage, cost: 0s

2019-05-28 13:51:48,454 WARN clearConfigHistory start

2019-05-28 14:01:48,265 INFO [capacityManagement] start correct usage

2019-05-28 14:01:48,265 INFO [capacityManagement] end correct usage, cost: 0s

2019-05-28 14:01:48,456 WARN clearConfigHistory start

2019-05-28 14:11:48,267 INFO [capacityManagement] start correct usage

2019-05-28 14:11:48,268 INFO [capacityManagement] end correct usage, cost: 0s

2019-05-28 14:11:48,459 WARN clearConfigHistory start

2019-05-28 14:21:48,269 INFO [capacityManagement] start correct usage

2019-05-28 14:21:48,270 INFO [capacityManagement] end correct usage, cost: 0s

2019-05-28 14:21:48,460 WARN clearConfigHistory start

2019-05-28 14:30:42,040 INFO Expired JWT token.

2019-05-28 14:30:42,042 ERROR Responding with unauthorized error. Message - Full authentication is required to access this resource

2019-05-28 14:31:48,272 INFO [capacityManagement] start correct usage

2019-05-28 14:31:48,273 INFO [capacityManagement] end correct usage, cost: 0s

2019-05-28 14:31:48,463 WARN clearConfigHistory start

2019-05-28 14:41:48,274 INFO [capacityManagement] start correct usage

2019-05-28 14:41:48,275 INFO [capacityManagement] end correct usage, cost: 0s

2019-05-28 14:41:48,464 WARN clearConfigHistory start

2019-05-28 14:51:48,278 INFO [capacityManagement] start correct usage

2019-05-28 14:51:48,281 INFO [capacityManagement] end correct usage, cost: 0s

2019-05-28 14:51:48,465 WARN clearConfigHistory start

2019-05-28 15:01:48,285 INFO [capacityManagement] start correct usage

2019-05-28 15:01:48,287 INFO [capacityManagement] end correct usage, cost: 0s

2019-05-28 15:01:48,471 WARN clearConfigHistory start

2019-05-28 15:11:48,290 INFO [capacityManagement] start correct usage

2019-05-28 15:11:48,292 INFO [capacityManagement] end correct usage, cost: 0s

2019-05-28 15:11:48,476 WARN clearConfigHistory start

2019-05-28 15:12:59,037 INFO Expired JWT token.

2019-05-28 15:12:59,037 ERROR Responding with unauthorized error. Message - Full authentication is required to access this resource

2019-05-28 15:21:48,294 INFO [capacityManagement] start correct usage

2019-05-28 15:21:48,299 INFO [capacityManagement] end correct usage, cost: 0s

2019-05-28 15:21:48,478 WARN clearConfigHistory start

2019-05-28 15:31:48,300 INFO [capacityManagement] start correct usage

2019-05-28 15:31:48,305 INFO [capacityManagement] end correct usage, cost: 0s

2019-05-28 15:31:48,483 WARN clearConfigHistory start

2019-05-28 15:41:48,309 INFO [capacityManagement] start correct usage

2019-05-28 15:41:48,312 INFO [capacityManagement] end correct usage, cost: 0s

2019-05-28 15:41:48,489 WARN clearConfigHistory start

2019-05-28 15:51:48,315 INFO [capacityManagement] start correct usage

2019-05-28 15:51:48,317 INFO [capacityManagement] end correct usage, cost: 0s

2019-05-28 15:51:48,493 WARN clearConfigHistory start

2019-05-28 16:01:48,320 INFO [capacityManagement] start correct usage

2019-05-28 16:01:48,322 INFO [capacityManagement] end correct usage, cost: 0s

2019-05-28 16:01:48,502 WARN clearConfigHistory start

2019-05-28 16:11:48,326 INFO [capacityManagement] start correct usage

2019-05-28 16:11:48,328 INFO [capacityManagement] end correct usage, cost: 0s

2019-05-28 16:11:48,504 WARN clearConfigHistory start

2019-05-28 16:21:48,329 INFO [capacityManagement] start correct usage

2019-05-28 16:21:48,334 INFO [capacityManagement] end correct usage, cost: 0s

2019-05-28 16:21:48,512 WARN clearConfigHistory start

2019-05-28 16:31:48,338 INFO [capacityManagement] start correct usage

2019-05-28 16:31:48,340 INFO [capacityManagement] end correct usage, cost: 0s

2019-05-28 16:31:48,522 WARN clearConfigHistory start

2019-05-28 16:41:48,342 INFO [capacityManagement] start correct usage

2019-05-28 16:41:48,343 INFO [capacityManagement] end correct usage, cost: 0s

2019-05-28 16:41:48,527 WARN clearConfigHistory start

2019-05-28 16:51:48,345 INFO [capacityManagement] start correct usage

2019-05-28 16:51:48,346 INFO [capacityManagement] end correct usage, cost: 0s

2019-05-28 16:51:48,532 WARN clearConfigHistory start

2019-05-28 17:01:48,349 INFO [capacityManagement] start correct usage

2019-05-28 17:01:48,349 INFO [capacityManagement] end correct usage, cost: 0s

2019-05-28 17:01:48,536 WARN clearConfigHistory start

2019-05-28 17:11:48,355 INFO [capacityManagement] start correct usage

2019-05-28 17:11:48,355 INFO [capacityManagement] end correct usage, cost: 0s

2019-05-28 17:11:48,542 WARN clearConfigHistory start

2019-05-28 17:21:48,360 INFO [capacityManagement] start correct usage

2019-05-28 17:21:48,362 INFO [capacityManagement] end correct usage, cost: 0s

2019-05-28 17:21:48,545 WARN clearConfigHistory start

2019-05-28 17:31:48,363 INFO [capacityManagement] start correct usage

2019-05-28 17:31:48,364 INFO [capacityManagement] end correct usage, cost: 0s

2019-05-28 17:31:48,547 WARN clearConfigHistory start

2019-05-28 17:41:48,366 INFO [capacityManagement] start correct usage

2019-05-28 17:41:48,367 INFO [capacityManagement] end correct usage, cost: 0s

2019-05-28 17:41:48,549 WARN clearConfigHistory start

2019-05-28 17:51:48,369 INFO [capacityManagement] start correct usage

2019-05-28 17:51:48,369 INFO [capacityManagement] end correct usage, cost: 0s

2019-05-28 17:51:48,551 WARN clearConfigHistory start

2019-05-28 18:01:48,371 INFO [capacityManagement] start correct usage

2019-05-28 18:01:48,372 INFO [capacityManagement] end correct usage, cost: 0s

2019-05-28 18:01:48,552 WARN clearConfigHistory start

2019-05-28 18:11:48,374 INFO [capacityManagement] start correct usage

2019-05-28 18:11:48,375 INFO [capacityManagement] end correct usage, cost: 0s

2019-05-28 18:11:48,554 WARN clearConfigHistory start

2019-05-28 18:21:48,374 INFO [capacityManagement] start correct usage

2019-05-28 18:21:48,375 INFO [capacityManagement] end correct usage, cost: 0s

2019-05-28 18:21:48,557 WARN clearConfigHistory start

2019-05-28 18:31:48,377 INFO [capacityManagement] start correct usage

2019-05-28 18:31:48,378 INFO [capacityManagement] end correct usage, cost: 0s

2019-05-28 18:31:48,559 WARN clearConfigHistory start

