2019-05-28 11:22:20,799 INFO PERFORMANCE:|0|0|-1|-1

2019-05-28 11:27:20,806 INFO PERFORMANCE:|0|0|-1|-1

2019-05-28 11:32:20,808 INFO PERFORMANCE:|0|0|-1|-1

2019-05-28 11:37:20,812 INFO PERFORMANCE:|0|0|-1|-1

2019-05-28 11:42:20,815 INFO PERFORMANCE:|0|0|-1|-1

2019-05-28 11:47:20,817 INFO PERFORMANCE:|0|0|-1|-1

2019-05-28 11:52:20,818 INFO PERFORMANCE:|0|0|-1|-1

2019-05-28 11:57:20,819 INFO PERFORMANCE:|0|0|-1|-1

2019-05-28 12:02:20,821 INFO PERFORMANCE:|0|0|-1|-1

2019-05-28 12:07:20,823 INFO PERFORMANCE:|0|0|-1|-1

2019-05-28 12:12:20,824 INFO PERFORMANCE:|0|0|-1|-1

2019-05-28 12:17:20,827 INFO PERFORMANCE:|0|0|-1|-1

2019-05-28 12:22:20,826 INFO PERFORMANCE:|0|0|-1|-1

2019-05-28 12:27:20,836 INFO PERFORMANCE:|0|0|-1|-1

2019-05-28 12:32:20,837 INFO PERFORMANCE:|0|0|-1|-1

2019-05-28 12:37:20,839 INFO PERFORMANCE:|0|0|-1|-1

2019-05-28 12:42:20,841 INFO PERFORMANCE:|0|0|-1|-1

2019-05-28 12:47:20,843 INFO PERFORMANCE:|0|0|-1|-1

2019-05-28 12:52:20,844 INFO PERFORMANCE:|0|0|-1|-1

2019-05-28 12:57:20,845 INFO PERFORMANCE:|0|0|-1|-1

2019-05-28 13:02:20,847 INFO PERFORMANCE:|0|0|-1|-1

2019-05-28 13:07:20,847 INFO PERFORMANCE:|0|0|-1|-1

2019-05-28 13:12:20,848 INFO PERFORMANCE:|0|0|-1|-1

2019-05-28 13:17:20,849 INFO PERFORMANCE:|0|0|-1|-1

2019-05-28 13:22:20,851 INFO PERFORMANCE:|0|0|-1|-1

2019-05-28 13:27:20,852 INFO PERFORMANCE:|0|0|-1|-1

2019-05-28 13:32:20,854 INFO PERFORMANCE:|0|0|-1|-1

2019-05-28 13:37:20,856 INFO PERFORMANCE:|0|0|-1|-1

2019-05-28 13:42:20,858 INFO PERFORMANCE:|0|0|-1|-1

2019-05-28 13:47:20,860 INFO PERFORMANCE:|0|0|-1|-1

2019-05-28 13:52:20,861 INFO PERFORMANCE:|0|0|-1|-1

2019-05-28 13:57:20,863 INFO PERFORMANCE:|0|0|-1|-1

2019-05-28 14:02:20,865 INFO PERFORMANCE:|0|0|-1|-1

2019-05-28 14:07:20,867 INFO PERFORMANCE:|0|0|-1|-1

2019-05-28 14:12:20,869 INFO PERFORMANCE:|0|0|-1|-1

2019-05-28 14:17:20,870 INFO PERFORMANCE:|0|0|-1|-1

2019-05-28 14:22:20,872 INFO PERFORMANCE:|0|0|-1|-1

2019-05-28 14:27:20,873 INFO PERFORMANCE:|0|0|-1|-1

2019-05-28 14:32:20,874 INFO PERFORMANCE:|0|0|-1|-1

2019-05-28 14:37:20,876 INFO PERFORMANCE:|0|0|-1|-1

2019-05-28 14:42:20,877 INFO PERFORMANCE:|0|0|-1|-1

2019-05-28 14:47:20,879 INFO PERFORMANCE:|0|0|-1|-1

2019-05-28 14:52:20,880 INFO PERFORMANCE:|0|0|-1|-1

2019-05-28 14:57:20,885 INFO PERFORMANCE:|0|0|-1|-1

2019-05-28 15:02:20,889 INFO PERFORMANCE:|0|0|-1|-1

2019-05-28 15:07:20,891 INFO PERFORMANCE:|0|0|-1|-1

2019-05-28 15:12:20,892 INFO PERFORMANCE:|0|0|-1|-1

2019-05-28 15:17:20,893 INFO PERFORMANCE:|0|0|-1|-1

2019-05-28 15:22:20,894 INFO PERFORMANCE:|0|0|-1|-1

2019-05-28 15:27:20,896 INFO PERFORMANCE:|0|0|-1|-1

2019-05-28 15:32:20,898 INFO PERFORMANCE:|0|0|-1|-1

2019-05-28 15:37:20,900 INFO PERFORMANCE:|0|0|-1|-1

2019-05-28 15:42:20,902 INFO PERFORMANCE:|0|0|-1|-1

2019-05-28 15:47:20,904 INFO PERFORMANCE:|0|0|-1|-1

2019-05-28 15:52:20,908 INFO PERFORMANCE:|0|0|-1|-1

2019-05-28 15:57:20,911 INFO PERFORMANCE:|0|0|-1|-1

2019-05-28 16:02:20,914 INFO PERFORMANCE:|0|0|-1|-1

2019-05-28 16:07:20,917 INFO PERFORMANCE:|0|0|-1|-1

2019-05-28 16:12:20,921 INFO PERFORMANCE:|0|0|-1|-1

2019-05-28 16:17:20,922 INFO PERFORMANCE:|0|0|-1|-1

2019-05-28 16:22:20,927 INFO PERFORMANCE:|0|0|-1|-1

2019-05-28 16:27:20,929 INFO PERFORMANCE:|0|0|-1|-1

2019-05-28 16:32:20,932 INFO PERFORMANCE:|0|0|-1|-1

2019-05-28 16:37:20,936 INFO PERFORMANCE:|0|0|-1|-1

2019-05-28 16:42:20,937 INFO PERFORMANCE:|0|0|-1|-1

2019-05-28 16:47:20,938 INFO PERFORMANCE:|0|0|-1|-1

2019-05-28 16:52:20,940 INFO PERFORMANCE:|0|0|-1|-1

2019-05-28 16:57:20,941 INFO PERFORMANCE:|0|0|-1|-1

2019-05-28 17:02:20,945 INFO PERFORMANCE:|0|0|-1|-1

2019-05-28 17:07:20,948 INFO PERFORMANCE:|0|0|-1|-1

2019-05-28 17:12:20,953 INFO PERFORMANCE:|0|0|-1|-1

2019-05-28 17:17:20,955 INFO PERFORMANCE:|0|0|-1|-1

2019-05-28 17:22:20,959 INFO PERFORMANCE:|0|0|-1|-1

2019-05-28 17:27:20,961 INFO PERFORMANCE:|0|0|-1|-1

2019-05-28 17:32:20,962 INFO PERFORMANCE:|0|0|-1|-1

2019-05-28 17:37:20,964 INFO PERFORMANCE:|0|0|-1|-1

2019-05-28 17:42:20,964 INFO PERFORMANCE:|0|0|-1|-1

2019-05-28 17:47:20,966 INFO PERFORMANCE:|0|0|-1|-1

2019-05-28 17:52:20,967 INFO PERFORMANCE:|0|0|-1|-1

2019-05-28 17:57:20,969 INFO PERFORMANCE:|0|0|-1|-1

2019-05-28 18:02:20,970 INFO PERFORMANCE:|0|0|-1|-1

2019-05-28 18:07:20,971 INFO PERFORMANCE:|0|0|-1|-1

2019-05-28 18:12:20,973 INFO PERFORMANCE:|0|0|-1|-1

2019-05-28 18:17:20,974 INFO PERFORMANCE:|0|0|-1|-1

2019-05-28 18:22:20,976 INFO PERFORMANCE:|0|0|-1|-1

2019-05-28 18:27:20,977 INFO PERFORMANCE:|0|0|-1|-1

2019-05-28 18:32:20,979 INFO PERFORMANCE:|0|0|-1|-1

2019-05-28 18:37:20,979 INFO PERFORMANCE:|0|0|-1|-1

